<?xml version="1.0" encoding="UTF-8"?>
<testsuite name="Test" tests="2" skipped="0" failures="0" errors="0" timestamp="2023-05-29T18:21:54" hostname="PROTON" time="0.181">
  <properties/>
  <testcase name="[1] 0.0, 1.0, 0.0" classname="Test" time="0.164"/>
  <testcase name="[2] 5.0, 2.0, 2.5" classname="Test" time="0.006"/>
  <system-out><![CDATA[]]></system-out>
  <system-err><![CDATA[]]></system-err>
</testsuite>
